<?xml version="1.0" encoding="UTF-8"?>
<robot generator="Robot 6.0.1 (Python 3.11.1 on win32)" generated="20221215 17:28:39.448" rpa="false" schemaversion="3">
<suite id="s1" name="CheckPointTesting" source="C:\Users\arian\CheckPointTesting">
<suite id="s1-s1" name="Cp" source="C:\Users\arian\CheckPointTesting\cp.robot">
<test id="s1-s1-t1" name="Processo de compra de uma peça feminina no site Spree Demo com Erro" line="7">
<kw name="Acessar a Loja" library="cp">
<kw name="Open Browser" library="SeleniumLibrary">
<arg>${SITE}</arg>
<arg>${NAVEGADOR}</arg>
<doc>Opens a new browser instance to the optional ``url``.</doc>
<msg timestamp="20221215 17:28:39.939" level="INFO">Opening browser 'Chrome' to base url 'https://demo.spreecommerce.org/'.</msg>
<status status="PASS" starttime="20221215 17:28:39.938" endtime="20221215 17:28:43.623"/>
</kw>
<kw name="Maximize Browser Window" library="SeleniumLibrary">
<doc>Maximizes current browser window.</doc>
<status status="PASS" starttime="20221215 17:28:43.624" endtime="20221215 17:28:43.778"/>
</kw>
<status status="PASS" starttime="20221215 17:28:39.937" endtime="20221215 17:28:43.779"/>
</kw>
<kw name="Fazer Login" library="cp">
<kw name="Click Element" library="SeleniumLibrary">
<arg>${BOTAO_USUARIO}</arg>
<doc>Click the element identified by ``locator``.</doc>
<msg timestamp="20221215 17:28:43.784" level="INFO">Clicking element 'id=account-button'.</msg>
<status status="PASS" starttime="20221215 17:28:43.783" endtime="20221215 17:28:43.904"/>
</kw>
<kw name="Click Element" library="SeleniumLibrary">
<arg>${OPCAO_LOGIN}</arg>
<doc>Click the element identified by ``locator``.</doc>
<msg timestamp="20221215 17:28:43.906" level="INFO">Clicking element 'css=#link-to-account &gt; .dropdown-item:nth-child(1)'.</msg>
<status status="PASS" starttime="20221215 17:28:43.904" endtime="20221215 17:28:44.029"/>
</kw>
<kw name="Wait Until Element Is Enabled" library="SeleniumLibrary">
<arg>${CAMPO_EMAIL}</arg>
<doc>Waits until the element ``locator`` is enabled.</doc>
<status status="PASS" starttime="20221215 17:28:44.030" endtime="20221215 17:28:44.755"/>
</kw>
<kw name="Input Text" library="SeleniumLibrary">
<arg>${CAMPO_EMAIL}</arg>
<arg>${EMAIL}</arg>
<doc>Types the given ``text`` into the text field identified by ``locator``.</doc>
<msg timestamp="20221215 17:28:44.757" level="INFO">Typing text 'test_checkpoint@mail.com' into text field 'id=spree_user_email'.</msg>
<status status="PASS" starttime="20221215 17:28:44.755" endtime="20221215 17:28:44.996"/>
</kw>
<kw name="Wait Until Element Is Enabled" library="SeleniumLibrary">
<arg>${CAMPO_SENHA}</arg>
<doc>Waits until the element ``locator`` is enabled.</doc>
<status status="PASS" starttime="20221215 17:28:44.997" endtime="20221215 17:28:45.050"/>
</kw>
<kw name="Input Text" library="SeleniumLibrary">
<arg>${CAMPO_SENHA}</arg>
<arg>${SENHA}</arg>
<doc>Types the given ``text`` into the text field identified by ``locator``.</doc>
<msg timestamp="20221215 17:28:45.053" level="INFO">Typing text 'teste123' into text field 'id=spree_user_password'.</msg>
<status status="PASS" starttime="20221215 17:28:45.050" endtime="20221215 17:28:45.241"/>
</kw>
<kw name="Click Element" library="SeleniumLibrary">
<arg>${BOTAO_LOGIN}</arg>
<doc>Click the element identified by ``locator``.</doc>
<msg timestamp="20221215 17:28:45.245" level="INFO">Clicking element 'css=input[class="btn btn-primary btn-block spree-btn mt-2"]'.</msg>
<status status="PASS" starttime="20221215 17:28:45.242" endtime="20221215 17:28:46.174"/>
</kw>
<status status="PASS" starttime="20221215 17:28:43.781" endtime="20221215 17:28:46.174"/>
</kw>
<kw name="Ir para seção" library="cp">
<kw name="Click Element" library="SeleniumLibrary">
<arg>${BOTAO_WOMAN}</arg>
<doc>Click the element identified by ``locator``.</doc>
<msg timestamp="20221215 17:28:46.178" level="INFO">Clicking element 'xpath=//a[contains(text(),'Women')]'.</msg>
<status status="PASS" starttime="20221215 17:28:46.177" endtime="20221215 17:28:46.262"/>
</kw>
<status status="PASS" starttime="20221215 17:28:46.175" endtime="20221215 17:28:46.263"/>
</kw>
<kw name="Selecionar produto" library="cp">
<kw name="Wait Until Element Is Visible" library="SeleniumLibrary">
<arg>${VESTIDO_FLORIDO}</arg>
<doc>Waits until the element ``locator`` is visible.</doc>
<status status="PASS" starttime="20221215 17:28:46.264" endtime="20221215 17:28:48.038"/>
</kw>
<kw name="Click Element" library="SeleniumLibrary">
<arg>${VESTIDO_FLORIDO}</arg>
<doc>Click the element identified by ``locator``.</doc>
<msg timestamp="20221215 17:28:48.041" level="INFO">Clicking element 'xpath=//img[@alt='Floral Wrap Dress']'.</msg>
<status status="PASS" starttime="20221215 17:28:48.039" endtime="20221215 17:28:48.126"/>
</kw>
<status status="PASS" starttime="20221215 17:28:46.263" endtime="20221215 17:28:48.127"/>
</kw>
<kw name="Adicionar ao carrinho" library="cp">
<kw name="Wait Until Element Is Visible" library="SeleniumLibrary">
<arg>${BOTAO_ADD_TO_CART}</arg>
<doc>Waits until the element ``locator`` is visible.</doc>
<status status="PASS" starttime="20221215 17:28:48.130" endtime="20221215 17:28:48.839"/>
</kw>
<kw name="Click Element" library="SeleniumLibrary">
<arg>${BOTAO_ADD_TO_CART}</arg>
<doc>Click the element identified by ``locator``.</doc>
<msg timestamp="20221215 17:28:48.841" level="INFO">Clicking element 'id=add-to-cart-button'.</msg>
<status status="PASS" starttime="20221215 17:28:48.839" endtime="20221215 17:28:48.925"/>
</kw>
<kw name="Wait Until Element Is Visible" library="SeleniumLibrary">
<arg>${BOTAO_CHECKOUT}</arg>
<doc>Waits until the element ``locator`` is visible.</doc>
<status status="PASS" starttime="20221215 17:28:48.925" endtime="20221215 17:28:49.760"/>
</kw>
<kw name="Click Element" library="SeleniumLibrary">
<arg>${BOTAO_CHECKOUT}</arg>
<doc>Click the element identified by ``locator``.</doc>
<msg timestamp="20221215 17:28:49.764" level="INFO">Clicking element 'xpath=//a[contains(text(),'Checkout')]'.</msg>
<status status="PASS" starttime="20221215 17:28:49.761" endtime="20221215 17:28:51.007"/>
</kw>
<status status="PASS" starttime="20221215 17:28:48.128" endtime="20221215 17:28:51.008"/>
</kw>
<kw name="Preencher dados de billing address e clicar em Save and Continue" library="cp">
<kw name="Wait Until Element Is Visible" library="SeleniumLibrary">
<arg>${BOTAO_SAVE_CONTINUE}</arg>
<doc>Waits until the element ``locator`` is visible.</doc>
<status status="PASS" starttime="20221215 17:28:51.010" endtime="20221215 17:28:51.044"/>
</kw>
<kw name="Click Element" library="SeleniumLibrary">
<arg>${BOTAO_SAVE_CONTINUE}</arg>
<doc>Click the element identified by ``locator``.</doc>
<msg timestamp="20221215 17:28:51.046" level="INFO">Clicking element 'name=commit'.</msg>
<status status="PASS" starttime="20221215 17:28:51.045" endtime="20221215 17:28:52.190"/>
</kw>
<kw name="Wait Until Element Is Visible" library="SeleniumLibrary">
<arg>${BOTAO_SAVE_CONTINUE}</arg>
<doc>Waits until the element ``locator`` is visible.</doc>
<status status="PASS" starttime="20221215 17:28:52.192" endtime="20221215 17:28:52.225"/>
</kw>
<kw name="Click Element" library="SeleniumLibrary">
<arg>${BOTAO_SAVE_CONTINUE}</arg>
<doc>Click the element identified by ``locator``.</doc>
<msg timestamp="20221215 17:28:52.227" level="INFO">Clicking element 'name=commit'.</msg>
<status status="PASS" starttime="20221215 17:28:52.226" endtime="20221215 17:28:53.172"/>
</kw>
<status status="PASS" starttime="20221215 17:28:51.009" endtime="20221215 17:28:53.173"/>
</kw>
<kw name="Preencher dados do cartão de crédito, clicar em Save and Continue" library="cp">
<kw name="Input Text" library="SeleniumLibrary">
<arg>${CAMPO_NUM_CARTAO}</arg>
<arg>${NUM_CARTAO}</arg>
<doc>Types the given ``text`` into the text field identified by ``locator``.</doc>
<msg timestamp="20221215 17:28:53.178" level="INFO">Typing text '4109036068301957' into text field 'id=card_number'.</msg>
<status status="PASS" starttime="20221215 17:28:53.175" endtime="20221215 17:28:53.360"/>
</kw>
<kw name="Input Text" library="SeleniumLibrary">
<arg>${CAMPO_DATA_EXPIRACAO}</arg>
<arg>${DATA_EXPIRACAO}</arg>
<doc>Types the given ``text`` into the text field identified by ``locator``.</doc>
<msg timestamp="20221215 17:28:53.362" level="INFO">Typing text '092028' into text field 'id=card_expiry'.</msg>
<status status="PASS" starttime="20221215 17:28:53.361" endtime="20221215 17:28:53.536"/>
</kw>
<kw name="Input Text" library="SeleniumLibrary">
<arg>${CAMPO_CVV}</arg>
<arg>${CVV}</arg>
<doc>Types the given ``text`` into the text field identified by ``locator``.</doc>
<msg timestamp="20221215 17:28:53.538" level="INFO">Typing text '237' into text field 'id=card_code'.</msg>
<status status="PASS" starttime="20221215 17:28:53.536" endtime="20221215 17:28:53.675"/>
</kw>
<kw name="Click Element" library="SeleniumLibrary">
<arg>${BOTAO_SAVE_CONTINUE}</arg>
<doc>Click the element identified by ``locator``.</doc>
<msg timestamp="20221215 17:28:53.677" level="INFO">Clicking element 'name=commit'.</msg>
<status status="PASS" starttime="20221215 17:28:53.676" endtime="20221215 17:28:54.858"/>
</kw>
<status status="PASS" starttime="20221215 17:28:53.174" endtime="20221215 17:28:54.859"/>
</kw>
<kw name="Checar informações e clicar em place order" library="cp">
<kw name="Click Element" library="SeleniumLibrary">
<arg>${BOTAO_PLACE_ORDER}</arg>
<doc>Click the element identified by ``locator``.</doc>
<msg timestamp="20221215 17:28:54.863" level="INFO">Clicking element 'xpath=//input[@name='commit']'.</msg>
<status status="PASS" starttime="20221215 17:28:54.862" endtime="20221215 17:28:56.068"/>
</kw>
<status status="PASS" starttime="20221215 17:28:54.861" endtime="20221215 17:28:56.068"/>
</kw>
<kw name="Uma mensagem Bogus Gateway: Forced failure deve aparecer, encerrando o processo." library="cp">
<kw name="Page Should Contain" library="SeleniumLibrary">
<arg>Bogus Gateway: Forced failure</arg>
<doc>Verifies that current page contains ``text``.</doc>
<msg timestamp="20221215 17:28:56.098" level="INFO">Current page contains text 'Bogus Gateway: Forced failure'.</msg>
<status status="PASS" starttime="20221215 17:28:56.071" endtime="20221215 17:28:56.100"/>
</kw>
<kw name="Close Browser" library="SeleniumLibrary">
<doc>Closes the current browser.</doc>
<status status="PASS" starttime="20221215 17:28:56.100" endtime="20221215 17:28:58.307"/>
</kw>
<status status="PASS" starttime="20221215 17:28:56.070" endtime="20221215 17:28:58.308"/>
</kw>
<status status="PASS" starttime="20221215 17:28:39.935" endtime="20221215 17:28:58.309"/>
</test>
<test id="s1-s1-t2" name="Processo de compra de uma peça feminina no site Spree Demo com Sucesso" line="18">
<kw name="Acessar a Loja" library="cp">
<kw name="Open Browser" library="SeleniumLibrary">
<arg>${SITE}</arg>
<arg>${NAVEGADOR}</arg>
<doc>Opens a new browser instance to the optional ``url``.</doc>
<msg timestamp="20221215 17:28:58.316" level="INFO">Opening browser 'Chrome' to base url 'https://demo.spreecommerce.org/'.</msg>
<status status="PASS" starttime="20221215 17:28:58.315" endtime="20221215 17:29:01.757"/>
</kw>
<kw name="Maximize Browser Window" library="SeleniumLibrary">
<doc>Maximizes current browser window.</doc>
<status status="PASS" starttime="20221215 17:29:01.757" endtime="20221215 17:29:01.899"/>
</kw>
<status status="PASS" starttime="20221215 17:28:58.314" endtime="20221215 17:29:01.900"/>
</kw>
<kw name="Fazer Login" library="cp">
<kw name="Click Element" library="SeleniumLibrary">
<arg>${BOTAO_USUARIO}</arg>
<doc>Click the element identified by ``locator``.</doc>
<msg timestamp="20221215 17:29:01.904" level="INFO">Clicking element 'id=account-button'.</msg>
<status status="PASS" starttime="20221215 17:29:01.903" endtime="20221215 17:29:02.013"/>
</kw>
<kw name="Click Element" library="SeleniumLibrary">
<arg>${OPCAO_LOGIN}</arg>
<doc>Click the element identified by ``locator``.</doc>
<msg timestamp="20221215 17:29:02.016" level="INFO">Clicking element 'css=#link-to-account &gt; .dropdown-item:nth-child(1)'.</msg>
<status status="PASS" starttime="20221215 17:29:02.013" endtime="20221215 17:29:02.117"/>
</kw>
<kw name="Wait Until Element Is Enabled" library="SeleniumLibrary">
<arg>${CAMPO_EMAIL}</arg>
<doc>Waits until the element ``locator`` is enabled.</doc>
<status status="PASS" starttime="20221215 17:29:02.118" endtime="20221215 17:29:02.445"/>
</kw>
<kw name="Input Text" library="SeleniumLibrary">
<arg>${CAMPO_EMAIL}</arg>
<arg>${EMAIL}</arg>
<doc>Types the given ``text`` into the text field identified by ``locator``.</doc>
<msg timestamp="20221215 17:29:02.447" level="INFO">Typing text 'test_checkpoint@mail.com' into text field 'id=spree_user_email'.</msg>
<status status="PASS" starttime="20221215 17:29:02.446" endtime="20221215 17:29:02.627"/>
</kw>
<kw name="Wait Until Element Is Enabled" library="SeleniumLibrary">
<arg>${CAMPO_SENHA}</arg>
<doc>Waits until the element ``locator`` is enabled.</doc>
<status status="PASS" starttime="20221215 17:29:02.628" endtime="20221215 17:29:02.680"/>
</kw>
<kw name="Input Text" library="SeleniumLibrary">
<arg>${CAMPO_SENHA}</arg>
<arg>${SENHA}</arg>
<doc>Types the given ``text`` into the text field identified by ``locator``.</doc>
<msg timestamp="20221215 17:29:02.681" level="INFO">Typing text 'teste123' into text field 'id=spree_user_password'.</msg>
<status status="PASS" starttime="20221215 17:29:02.680" endtime="20221215 17:29:02.805"/>
</kw>
<kw name="Click Element" library="SeleniumLibrary">
<arg>${BOTAO_LOGIN}</arg>
<doc>Click the element identified by ``locator``.</doc>
<msg timestamp="20221215 17:29:02.806" level="INFO">Clicking element 'css=input[class="btn btn-primary btn-block spree-btn mt-2"]'.</msg>
<status status="PASS" starttime="20221215 17:29:02.805" endtime="20221215 17:29:03.565"/>
</kw>
<status status="PASS" starttime="20221215 17:29:01.901" endtime="20221215 17:29:03.566"/>
</kw>
<kw name="Ir para seção" library="cp">
<kw name="Click Element" library="SeleniumLibrary">
<arg>${BOTAO_WOMAN}</arg>
<doc>Click the element identified by ``locator``.</doc>
<msg timestamp="20221215 17:29:03.569" level="INFO">Clicking element 'xpath=//a[contains(text(),'Women')]'.</msg>
<status status="PASS" starttime="20221215 17:29:03.568" endtime="20221215 17:29:03.663"/>
</kw>
<status status="PASS" starttime="20221215 17:29:03.567" endtime="20221215 17:29:03.663"/>
</kw>
<kw name="Selecionar produto" library="cp">
<kw name="Wait Until Element Is Visible" library="SeleniumLibrary">
<arg>${VESTIDO_FLORIDO}</arg>
<doc>Waits until the element ``locator`` is visible.</doc>
<status status="PASS" starttime="20221215 17:29:03.665" endtime="20221215 17:29:04.787"/>
</kw>
<kw name="Click Element" library="SeleniumLibrary">
<arg>${VESTIDO_FLORIDO}</arg>
<doc>Click the element identified by ``locator``.</doc>
<msg timestamp="20221215 17:29:04.790" level="INFO">Clicking element 'xpath=//img[@alt='Floral Wrap Dress']'.</msg>
<status status="PASS" starttime="20221215 17:29:04.788" endtime="20221215 17:29:04.872"/>
</kw>
<status status="PASS" starttime="20221215 17:29:03.664" endtime="20221215 17:29:04.872"/>
</kw>
<kw name="Adicionar ao carrinho" library="cp">
<kw name="Wait Until Element Is Visible" library="SeleniumLibrary">
<arg>${BOTAO_ADD_TO_CART}</arg>
<doc>Waits until the element ``locator`` is visible.</doc>
<status status="PASS" starttime="20221215 17:29:04.875" endtime="20221215 17:29:05.341"/>
</kw>
<kw name="Click Element" library="SeleniumLibrary">
<arg>${BOTAO_ADD_TO_CART}</arg>
<doc>Click the element identified by ``locator``.</doc>
<msg timestamp="20221215 17:29:05.342" level="INFO">Clicking element 'id=add-to-cart-button'.</msg>
<status status="PASS" starttime="20221215 17:29:05.341" endtime="20221215 17:29:05.415"/>
</kw>
<kw name="Wait Until Element Is Visible" library="SeleniumLibrary">
<arg>${BOTAO_CHECKOUT}</arg>
<doc>Waits until the element ``locator`` is visible.</doc>
<status status="PASS" starttime="20221215 17:29:05.415" endtime="20221215 17:29:05.914"/>
</kw>
<kw name="Click Element" library="SeleniumLibrary">
<arg>${BOTAO_CHECKOUT}</arg>
<doc>Click the element identified by ``locator``.</doc>
<msg timestamp="20221215 17:29:05.916" level="INFO">Clicking element 'xpath=//a[contains(text(),'Checkout')]'.</msg>
<status status="PASS" starttime="20221215 17:29:05.915" endtime="20221215 17:29:06.916"/>
</kw>
<status status="PASS" starttime="20221215 17:29:04.874" endtime="20221215 17:29:06.916"/>
</kw>
<kw name="Preencher dados de billing address e clicar em Save and Continue" library="cp">
<kw name="Wait Until Element Is Visible" library="SeleniumLibrary">
<arg>${BOTAO_SAVE_CONTINUE}</arg>
<doc>Waits until the element ``locator`` is visible.</doc>
<status status="PASS" starttime="20221215 17:29:06.918" endtime="20221215 17:29:06.949"/>
</kw>
<kw name="Click Element" library="SeleniumLibrary">
<arg>${BOTAO_SAVE_CONTINUE}</arg>
<doc>Click the element identified by ``locator``.</doc>
<msg timestamp="20221215 17:29:06.950" level="INFO">Clicking element 'name=commit'.</msg>
<status status="PASS" starttime="20221215 17:29:06.949" endtime="20221215 17:29:07.995"/>
</kw>
<kw name="Wait Until Element Is Visible" library="SeleniumLibrary">
<arg>${BOTAO_SAVE_CONTINUE}</arg>
<doc>Waits until the element ``locator`` is visible.</doc>
<status status="PASS" starttime="20221215 17:29:07.995" endtime="20221215 17:29:08.024"/>
</kw>
<kw name="Click Element" library="SeleniumLibrary">
<arg>${BOTAO_SAVE_CONTINUE}</arg>
<doc>Click the element identified by ``locator``.</doc>
<msg timestamp="20221215 17:29:08.025" level="INFO">Clicking element 'name=commit'.</msg>
<status status="PASS" starttime="20221215 17:29:08.024" endtime="20221215 17:29:09.117"/>
</kw>
<status status="PASS" starttime="20221215 17:29:06.917" endtime="20221215 17:29:09.118"/>
</kw>
<kw name="Selecionar a opção Check" library="cp">
<kw name="Wait Until Element Is Visible" library="SeleniumLibrary">
<arg>${BOTAO_CHECK}</arg>
<doc>Waits until the element ``locator`` is visible.</doc>
<status status="PASS" starttime="20221215 17:29:09.122" endtime="20221215 17:29:09.159"/>
</kw>
<kw name="Click Element" library="SeleniumLibrary">
<arg>${BOTAO_CHECK}</arg>
<doc>Click the element identified by ``locator``.</doc>
<msg timestamp="20221215 17:29:09.161" level="INFO">Clicking element 'css=.radio:nth-child(2) .spree-radio-label-custom-input'.</msg>
<status status="PASS" starttime="20221215 17:29:09.160" endtime="20221215 17:29:09.226"/>
</kw>
<status status="PASS" starttime="20221215 17:29:09.120" endtime="20221215 17:29:09.227"/>
</kw>
<kw name="Checar informações e clicar em place order" library="cp">
<kw name="Click Element" library="SeleniumLibrary">
<arg>${BOTAO_PLACE_ORDER}</arg>
<doc>Click the element identified by ``locator``.</doc>
<msg timestamp="20221215 17:29:09.230" level="INFO">Clicking element 'xpath=//input[@name='commit']'.</msg>
<status status="PASS" starttime="20221215 17:29:09.229" endtime="20221215 17:29:10.756"/>
</kw>
<status status="PASS" starttime="20221215 17:29:09.228" endtime="20221215 17:29:10.757"/>
</kw>
<kw name="Uma mensagem Sucesso deve ser exibida" library="cp">
<kw name="Page Should Contain" library="SeleniumLibrary">
<arg>Order placed successfully</arg>
<doc>Verifies that current page contains ``text``.</doc>
<msg timestamp="20221215 17:29:10.784" level="INFO">Current page contains text 'Order placed successfully'.</msg>
<status status="PASS" starttime="20221215 17:29:10.760" endtime="20221215 17:29:10.786"/>
</kw>
<kw name="Page Should Contain" library="SeleniumLibrary">
<arg>Your order information will be sent to your email</arg>
<doc>Verifies that current page contains ``text``.</doc>
<msg timestamp="20221215 17:29:10.814" level="INFO">Current page contains text 'Your order information will be sent to your email'.</msg>
<status status="PASS" starttime="20221215 17:29:10.787" endtime="20221215 17:29:10.814"/>
</kw>
<kw name="Close Browser" library="SeleniumLibrary">
<doc>Closes the current browser.</doc>
<status status="PASS" starttime="20221215 17:29:10.815" endtime="20221215 17:29:13.000"/>
</kw>
<status status="PASS" starttime="20221215 17:29:10.758" endtime="20221215 17:29:13.001"/>
</kw>
<status status="PASS" starttime="20221215 17:28:58.312" endtime="20221215 17:29:13.002"/>
</test>
<status status="PASS" starttime="20221215 17:28:39.508" endtime="20221215 17:29:13.006"/>
</suite>
<status status="PASS" starttime="20221215 17:28:39.457" endtime="20221215 17:29:13.011"/>
</suite>
<statistics>
<total>
<stat pass="2" fail="0" skip="0">All Tests</stat>
</total>
<tag>
</tag>
<suite>
<stat pass="2" fail="0" skip="0" id="s1" name="CheckPointTesting">CheckPointTesting</stat>
<stat pass="2" fail="0" skip="0" id="s1-s1" name="Cp">CheckPointTesting.Cp</stat>
</suite>
</statistics>
<errors>
</errors>
</robot>
